[debug] [2018-01-31T13:45:30.858Z] ----------------------------------------------------------------------
[debug] [2018-01-31T13:45:30.864Z] Command:       /usr/local/bin/node /usr/local/bin/firebase deploy --debug
[debug] [2018-01-31T13:45:30.865Z] CLI Version:   3.17.4
[debug] [2018-01-31T13:45:30.865Z] Platform:      linux
[debug] [2018-01-31T13:45:30.865Z] Node Version:  v8.2.1
[debug] [2018-01-31T13:45:30.866Z] Time:          Wed Jan 31 2018 13:45:30 GMT+0000 (UTC)
[debug] [2018-01-31T13:45:30.866Z] ----------------------------------------------------------------------
[debug] 
[debug] [2018-01-31T13:45:30.890Z] > command requires scopes: ["email","openid","https://www.googleapis.com/auth/cloudplatformprojects.readonly","https://www.googleapis.com/auth/firebase","https://www.googleapis.com/auth/cloud-platform"]
[debug] [2018-01-31T13:45:30.891Z] > authorizing via signed-in user
[debug] [2018-01-31T13:45:30.894Z] > refreshing access token with scopes: ["email","https://www.googleapis.com/auth/cloud-platform","https://www.googleapis.com/auth/cloudplatformprojects.readonly","https://www.googleapis.com/auth/firebase","openid"]
[debug] [2018-01-31T13:45:30.895Z] >>> HTTP REQUEST POST https://www.googleapis.com/oauth2/v3/token  
 { refresh_token: '1/fCtQEJhZrNuEk90utDIE_MCjc0ld5tdAi51BfJfICfI',
  client_id: '563584335869-fgrhgmd47bqnekij5i8b5pr03ho849e6.apps.googleusercontent.com',
  client_secret: 'j9iVZfS8kkCEFUPaAeJV0sAi',
  grant_type: 'refresh_token',
  scope: 'email https://www.googleapis.com/auth/cloud-platform https://www.googleapis.com/auth/cloudplatformprojects.readonly https://www.googleapis.com/auth/firebase openid' } 
 Wed Jan 31 2018 13:45:30 GMT+0000 (UTC)
[debug] [2018-01-31T13:45:31.233Z] <<< HTTP RESPONSE 200
[debug] [2018-01-31T13:45:31.310Z] >>> HTTP REQUEST GET https://admin.firebase.com/v1/projects/buscampos-155620  
  
 Wed Jan 31 2018 13:45:31 GMT+0000 (UTC)
[debug] [2018-01-31T13:45:32.041Z] <<< HTTP RESPONSE 200
[debug] [2018-01-31T13:45:32.045Z] >>> HTTP REQUEST GET https://admin.firebase.com/v1/database/buscampos-155620/tokens  
  
 Wed Jan 31 2018 13:45:32 GMT+0000 (UTC)
[debug] [2018-01-31T13:45:32.881Z] <<< HTTP RESPONSE 200
[debug] [2018-01-31T13:47:04.793Z] ----------------------------------------------------------------------
[debug] [2018-01-31T13:47:04.796Z] Command:       /usr/local/bin/node /usr/local/bin/firebase deploy
[debug] [2018-01-31T13:47:04.797Z] CLI Version:   3.17.4
[debug] [2018-01-31T13:47:04.797Z] Platform:      linux
[debug] [2018-01-31T13:47:04.797Z] Node Version:  v8.2.1
[debug] [2018-01-31T13:47:04.797Z] Time:          Wed Jan 31 2018 13:47:04 GMT+0000 (UTC)
[debug] [2018-01-31T13:47:04.797Z] ----------------------------------------------------------------------
[debug] 
[debug] [2018-01-31T13:47:04.815Z] > command requires scopes: ["email","openid","https://www.googleapis.com/auth/cloudplatformprojects.readonly","https://www.googleapis.com/auth/firebase","https://www.googleapis.com/auth/cloud-platform"]
[debug] [2018-01-31T13:47:04.815Z] > authorizing via signed-in user
[debug] [2018-01-31T13:47:04.819Z] >>> HTTP REQUEST GET https://admin.firebase.com/v1/projects/buscampos-155620  
  
 Wed Jan 31 2018 13:47:04 GMT+0000 (UTC)
[debug] [2018-01-31T13:47:05.767Z] <<< HTTP RESPONSE 200
[debug] [2018-01-31T13:47:05.769Z] >>> HTTP REQUEST GET https://admin.firebase.com/v1/database/buscampos-155620/tokens  
  
 Wed Jan 31 2018 13:47:05 GMT+0000 (UTC)
[debug] [2018-01-31T13:47:06.594Z] <<< HTTP RESPONSE 200
